<?xml version="1.0" encoding="UTF-8"?>
<!-- Generated by org.testng.reporters.JUnitReportReporter -->
<testsuite hostname="Radhagobinda" failures="0" tests="1" name="testscripts.Testcase1" time="18.823" errors="0" timestamp="2023-06-18T10:28:10 IST" skipped="0">
  <testcase classname="testscripts.Testcase1" name="tc1" time="18.823"/>
  <system-out/>
</testsuite> <!-- testscripts.Testcase1 -->
